{"/home/runner/work/constellation-backend/constellation-backend/crdt_server/app/server.js": {"path":"/home/runner/work/constellation-backend/constellation-backend/crdt_server/app/server.js","statementMap":{"0":{"start":{"line":8,"column":0},"end":{"line":8,"column":null}},"1":{"start":{"line":11,"column":26},"end":{"line":11,"column":80}},"2":{"start":{"line":12,"column":23},"end":{"line":12,"column":71}},"3":{"start":{"line":15,"column":23},"end":{"line":15,"column":49}},"4":{"start":{"line":16,"column":22},"end":{"line":16,"column":65}},"5":{"start":{"line":17,"column":26},"end":{"line":17,"column":74}},"6":{"start":{"line":19,"column":0},"end":{"line":21,"column":null}},"7":{"start":{"line":20,"column":4},"end":{"line":20,"column":null}},"8":{"start":{"line":22,"column":18},"end":{"line":22,"column":25}},"9":{"start":{"line":24,"column":24},"end":{"line":30,"column":null}},"10":{"start":{"line":32,"column":18},"end":{"line":35,"column":2}},"11":{"start":{"line":36,"column":20},"end":{"line":38,"column":2}},"12":{"start":{"line":41,"column":22},"end":{"line":41,"column":459}},"13":{"start":{"line":44,"column":22},"end":{"line":343,"column":2}},"14":{"start":{"line":51,"column":8},"end":{"line":51,"column":null}},"15":{"start":{"line":53,"column":8},"end":{"line":53,"column":null}},"16":{"start":{"line":55,"column":8},"end":{"line":55,"column":54}},"17":{"start":{"line":60,"column":8},"end":{"line":60,"column":null}},"18":{"start":{"line":61,"column":50},"end":{"line":61,"column":54}},"19":{"start":{"line":63,"column":8},"end":{"line":63,"column":null}},"20":{"start":{"line":66,"column":8},"end":{"line":70,"column":null}},"21":{"start":{"line":67,"column":12},"end":{"line":67,"column":58}},"22":{"start":{"line":68,"column":12},"end":{"line":68,"column":null}},"23":{"start":{"line":69,"column":12},"end":{"line":69,"column":null}},"24":{"start":{"line":73,"column":8},"end":{"line":77,"column":null}},"25":{"start":{"line":74,"column":12},"end":{"line":74,"column":null}},"26":{"start":{"line":75,"column":12},"end":{"line":75,"column":58}},"27":{"start":{"line":76,"column":12},"end":{"line":76,"column":null}},"28":{"start":{"line":79,"column":33},"end":{"line":79,"column":56}},"29":{"start":{"line":80,"column":35},"end":{"line":80,"column":54}},"30":{"start":{"line":84,"column":8},"end":{"line":98,"column":null}},"31":{"start":{"line":86,"column":12},"end":{"line":86,"column":null}},"32":{"start":{"line":88,"column":12},"end":{"line":92,"column":null}},"33":{"start":{"line":89,"column":16},"end":{"line":89,"column":null}},"34":{"start":{"line":90,"column":16},"end":{"line":90,"column":62}},"35":{"start":{"line":91,"column":16},"end":{"line":91,"column":null}},"36":{"start":{"line":95,"column":12},"end":{"line":95,"column":null}},"37":{"start":{"line":96,"column":12},"end":{"line":96,"column":null}},"38":{"start":{"line":97,"column":12},"end":{"line":97,"column":null}},"39":{"start":{"line":100,"column":8},"end":{"line":100,"column":null}},"40":{"start":{"line":102,"column":8},"end":{"line":128,"column":null}},"41":{"start":{"line":108,"column":31},"end":{"line":108,"column":76}},"42":{"start":{"line":109,"column":12},"end":{"line":121,"column":null}},"43":{"start":{"line":110,"column":16},"end":{"line":110,"column":61}},"44":{"start":{"line":111,"column":16},"end":{"line":111,"column":55}},"45":{"start":{"line":112,"column":16},"end":{"line":112,"column":52}},"46":{"start":{"line":113,"column":19},"end":{"line":121,"column":null}},"47":{"start":{"line":114,"column":16},"end":{"line":114,"column":61}},"48":{"start":{"line":115,"column":16},"end":{"line":115,"column":54}},"49":{"start":{"line":116,"column":16},"end":{"line":116,"column":52}},"50":{"start":{"line":118,"column":16},"end":{"line":118,"column":null}},"51":{"start":{"line":119,"column":16},"end":{"line":119,"column":62}},"52":{"start":{"line":120,"column":16},"end":{"line":120,"column":null}},"53":{"start":{"line":125,"column":12},"end":{"line":125,"column":null}},"54":{"start":{"line":126,"column":12},"end":{"line":126,"column":58}},"55":{"start":{"line":127,"column":12},"end":{"line":127,"column":null}},"56":{"start":{"line":130,"column":8},"end":{"line":136,"column":null}},"57":{"start":{"line":141,"column":8},"end":{"line":141,"column":null}},"58":{"start":{"line":142,"column":37},"end":{"line":142,"column":41}},"59":{"start":{"line":143,"column":8},"end":{"line":147,"column":null}},"60":{"start":{"line":144,"column":12},"end":{"line":144,"column":null}},"61":{"start":{"line":146,"column":12},"end":{"line":146,"column":60}},"62":{"start":{"line":152,"column":8},"end":{"line":152,"column":null}},"63":{"start":{"line":153,"column":8},"end":{"line":163,"column":null}},"64":{"start":{"line":154,"column":32},"end":{"line":154,"column":61}},"65":{"start":{"line":156,"column":12},"end":{"line":159,"column":null}},"66":{"start":{"line":157,"column":16},"end":{"line":157,"column":null}},"67":{"start":{"line":158,"column":16},"end":{"line":158,"column":null}},"68":{"start":{"line":161,"column":12},"end":{"line":161,"column":null}},"69":{"start":{"line":162,"column":12},"end":{"line":162,"column":null}},"70":{"start":{"line":168,"column":8},"end":{"line":168,"column":null}},"71":{"start":{"line":169,"column":33},"end":{"line":169,"column":37}},"72":{"start":{"line":170,"column":8},"end":{"line":170,"column":null}},"73":{"start":{"line":172,"column":33},"end":{"line":172,"column":56}},"74":{"start":{"line":173,"column":24},"end":{"line":173,"column":43}},"75":{"start":{"line":174,"column":35},"end":{"line":174,"column":54}},"76":{"start":{"line":179,"column":8},"end":{"line":194,"column":null}},"77":{"start":{"line":180,"column":12},"end":{"line":180,"column":50}},"78":{"start":{"line":181,"column":12},"end":{"line":181,"column":48}},"79":{"start":{"line":182,"column":15},"end":{"line":194,"column":null}},"80":{"start":{"line":183,"column":12},"end":{"line":183,"column":48}},"81":{"start":{"line":184,"column":12},"end":{"line":184,"column":53}},"82":{"start":{"line":185,"column":12},"end":{"line":191,"column":null}},"83":{"start":{"line":186,"column":16},"end":{"line":186,"column":43}},"84":{"start":{"line":187,"column":19},"end":{"line":191,"column":null}},"85":{"start":{"line":188,"column":16},"end":{"line":188,"column":43}},"86":{"start":{"line":190,"column":16},"end":{"line":190,"column":null}},"87":{"start":{"line":193,"column":12},"end":{"line":193,"column":null}},"88":{"start":{"line":196,"column":8},"end":{"line":242,"column":null}},"89":{"start":{"line":198,"column":12},"end":{"line":217,"column":null}},"90":{"start":{"line":204,"column":32},"end":{"line":204,"column":53}},"91":{"start":{"line":205,"column":16},"end":{"line":208,"column":null}},"92":{"start":{"line":207,"column":20},"end":{"line":207,"column":39}},"93":{"start":{"line":210,"column":31},"end":{"line":210,"column":61}},"94":{"start":{"line":212,"column":16},"end":{"line":212,"column":null}},"95":{"start":{"line":215,"column":16},"end":{"line":215,"column":null}},"96":{"start":{"line":216,"column":16},"end":{"line":216,"column":null}},"97":{"start":{"line":218,"column":15},"end":{"line":242,"column":null}},"98":{"start":{"line":220,"column":12},"end":{"line":239,"column":null}},"99":{"start":{"line":226,"column":32},"end":{"line":226,"column":53}},"100":{"start":{"line":227,"column":16},"end":{"line":230,"column":null}},"101":{"start":{"line":229,"column":20},"end":{"line":229,"column":39}},"102":{"start":{"line":232,"column":31},"end":{"line":232,"column":70}},"103":{"start":{"line":234,"column":16},"end":{"line":234,"column":null}},"104":{"start":{"line":237,"column":16},"end":{"line":237,"column":null}},"105":{"start":{"line":238,"column":16},"end":{"line":238,"column":null}},"106":{"start":{"line":241,"column":12},"end":{"line":241,"column":null}},"107":{"start":{"line":247,"column":8},"end":{"line":247,"column":null}},"108":{"start":{"line":248,"column":33},"end":{"line":248,"column":37}},"109":{"start":{"line":249,"column":8},"end":{"line":249,"column":null}},"110":{"start":{"line":254,"column":8},"end":{"line":254,"column":null}},"111":{"start":{"line":255,"column":33},"end":{"line":255,"column":37}},"112":{"start":{"line":256,"column":8},"end":{"line":256,"column":null}},"113":{"start":{"line":261,"column":8},"end":{"line":261,"column":null}},"114":{"start":{"line":262,"column":33},"end":{"line":262,"column":37}},"115":{"start":{"line":263,"column":8},"end":{"line":263,"column":null}},"116":{"start":{"line":265,"column":33},"end":{"line":265,"column":56}},"117":{"start":{"line":266,"column":24},"end":{"line":266,"column":43}},"118":{"start":{"line":267,"column":35},"end":{"line":267,"column":54}},"119":{"start":{"line":272,"column":8},"end":{"line":287,"column":null}},"120":{"start":{"line":273,"column":12},"end":{"line":273,"column":50}},"121":{"start":{"line":274,"column":12},"end":{"line":274,"column":48}},"122":{"start":{"line":275,"column":15},"end":{"line":287,"column":null}},"123":{"start":{"line":276,"column":12},"end":{"line":276,"column":48}},"124":{"start":{"line":277,"column":12},"end":{"line":277,"column":53}},"125":{"start":{"line":278,"column":12},"end":{"line":284,"column":null}},"126":{"start":{"line":279,"column":16},"end":{"line":279,"column":43}},"127":{"start":{"line":280,"column":19},"end":{"line":284,"column":null}},"128":{"start":{"line":281,"column":16},"end":{"line":281,"column":43}},"129":{"start":{"line":283,"column":16},"end":{"line":283,"column":null}},"130":{"start":{"line":286,"column":12},"end":{"line":286,"column":null}},"131":{"start":{"line":289,"column":8},"end":{"line":341,"column":null}},"132":{"start":{"line":291,"column":27},"end":{"line":291,"column":63}},"133":{"start":{"line":293,"column":28},"end":{"line":293,"column":66}},"134":{"start":{"line":295,"column":25},"end":{"line":297,"column":13}},"135":{"start":{"line":299,"column":12},"end":{"line":313,"column":null}},"136":{"start":{"line":308,"column":16},"end":{"line":308,"column":null}},"137":{"start":{"line":311,"column":16},"end":{"line":311,"column":null}},"138":{"start":{"line":312,"column":16},"end":{"line":312,"column":null}},"139":{"start":{"line":314,"column":15},"end":{"line":341,"column":null}},"140":{"start":{"line":316,"column":27},"end":{"line":316,"column":63}},"141":{"start":{"line":318,"column":28},"end":{"line":318,"column":66}},"142":{"start":{"line":320,"column":25},"end":{"line":322,"column":null}},"143":{"start":{"line":324,"column":12},"end":{"line":338,"column":null}},"144":{"start":{"line":333,"column":16},"end":{"line":333,"column":null}},"145":{"start":{"line":336,"column":16},"end":{"line":336,"column":null}},"146":{"start":{"line":337,"column":16},"end":{"line":337,"column":null}},"147":{"start":{"line":340,"column":12},"end":{"line":340,"column":null}}},"fnMap":{"0":{"name":"(anonymous_0)","decl":{"start":{"line":50,"column":10},"end":{"line":50,"column":19}},"loc":{"start":{"line":50,"column":26},"end":{"line":56,"column":5}},"line":50},"1":{"name":"(anonymous_1)","decl":{"start":{"line":59,"column":10},"end":{"line":59,"column":24}},"loc":{"start":{"line":59,"column":31},"end":{"line":137,"column":5}},"line":59},"2":{"name":"(anonymous_2)","decl":{"start":{"line":107,"column":14},"end":{"line":107,"column":22}},"loc":{"start":{"line":107,"column":26},"end":{"line":122,"column":null}},"line":107},"3":{"name":"(anonymous_3)","decl":{"start":{"line":124,"column":15},"end":{"line":124,"column":20}},"loc":{"start":{"line":124,"column":24},"end":{"line":128,"column":9}},"line":124},"4":{"name":"(anonymous_4)","decl":{"start":{"line":140,"column":10},"end":{"line":140,"column":19}},"loc":{"start":{"line":140,"column":26},"end":{"line":148,"column":5}},"line":140},"5":{"name":"(anonymous_5)","decl":{"start":{"line":151,"column":10},"end":{"line":151,"column":29}},"loc":{"start":{"line":151,"column":36},"end":{"line":164,"column":5}},"line":151},"6":{"name":"(anonymous_6)","decl":{"start":{"line":167,"column":10},"end":{"line":167,"column":24}},"loc":{"start":{"line":167,"column":31},"end":{"line":243,"column":5}},"line":167},"7":{"name":"(anonymous_7)","decl":{"start":{"line":203,"column":18},"end":{"line":203,"column":26}},"loc":{"start":{"line":203,"column":30},"end":{"line":213,"column":13}},"line":203},"8":{"name":"(anonymous_8)","decl":{"start":{"line":214,"column":19},"end":{"line":214,"column":24}},"loc":{"start":{"line":214,"column":28},"end":{"line":217,"column":13}},"line":214},"9":{"name":"(anonymous_9)","decl":{"start":{"line":225,"column":18},"end":{"line":225,"column":26}},"loc":{"start":{"line":225,"column":30},"end":{"line":235,"column":13}},"line":225},"10":{"name":"(anonymous_10)","decl":{"start":{"line":236,"column":19},"end":{"line":236,"column":24}},"loc":{"start":{"line":236,"column":28},"end":{"line":239,"column":13}},"line":236},"11":{"name":"(anonymous_11)","decl":{"start":{"line":246,"column":10},"end":{"line":246,"column":27}},"loc":{"start":{"line":246,"column":34},"end":{"line":250,"column":5}},"line":246},"12":{"name":"(anonymous_12)","decl":{"start":{"line":253,"column":10},"end":{"line":253,"column":18}},"loc":{"start":{"line":253,"column":25},"end":{"line":257,"column":5}},"line":253},"13":{"name":"(anonymous_13)","decl":{"start":{"line":260,"column":10},"end":{"line":260,"column":25}},"loc":{"start":{"line":260,"column":32},"end":{"line":342,"column":5}},"line":260},"14":{"name":"(anonymous_14)","decl":{"start":{"line":307,"column":18},"end":{"line":307,"column":26}},"loc":{"start":{"line":307,"column":30},"end":{"line":309,"column":13}},"line":307},"15":{"name":"(anonymous_15)","decl":{"start":{"line":310,"column":19},"end":{"line":310,"column":24}},"loc":{"start":{"line":310,"column":28},"end":{"line":313,"column":13}},"line":310},"16":{"name":"(anonymous_16)","decl":{"start":{"line":332,"column":18},"end":{"line":332,"column":26}},"loc":{"start":{"line":332,"column":30},"end":{"line":334,"column":13}},"line":332},"17":{"name":"(anonymous_17)","decl":{"start":{"line":335,"column":19},"end":{"line":335,"column":24}},"loc":{"start":{"line":335,"column":28},"end":{"line":338,"column":13}},"line":335}},"branchMap":{"0":{"loc":{"start":{"line":11,"column":26},"end":{"line":11,"column":80}},"type":"binary-expr","locations":[{"start":{"line":11,"column":26},"end":{"line":11,"column":55}},{"start":{"line":11,"column":59},"end":{"line":11,"column":80}}],"line":11},"1":{"loc":{"start":{"line":12,"column":23},"end":{"line":12,"column":71}},"type":"binary-expr","locations":[{"start":{"line":12,"column":23},"end":{"line":12,"column":49}},{"start":{"line":12,"column":53},"end":{"line":12,"column":71}}],"line":12},"2":{"loc":{"start":{"line":16,"column":22},"end":{"line":16,"column":65}},"type":"binary-expr","locations":[{"start":{"line":16,"column":22},"end":{"line":16,"column":57}},{"start":{"line":16,"column":61},"end":{"line":16,"column":65}}],"line":16},"3":{"loc":{"start":{"line":17,"column":26},"end":{"line":17,"column":74}},"type":"binary-expr","locations":[{"start":{"line":17,"column":26},"end":{"line":17,"column":65}},{"start":{"line":17,"column":69},"end":{"line":17,"column":74}}],"line":17},"4":{"loc":{"start":{"line":19,"column":0},"end":{"line":21,"column":null}},"type":"if","locations":[{"start":{"line":19,"column":0},"end":{"line":21,"column":null}},{"start":{},"end":{}}],"line":19},"5":{"loc":{"start":{"line":45,"column":19},"end":{"line":45,"column":48}},"type":"binary-expr","locations":[{"start":{"line":45,"column":19},"end":{"line":45,"column":40}},{"start":{"line":45,"column":44},"end":{"line":45,"column":48}}],"line":45},"6":{"loc":{"start":{"line":66,"column":8},"end":{"line":70,"column":null}},"type":"if","locations":[{"start":{"line":66,"column":8},"end":{"line":70,"column":null}},{"start":{},"end":{}}],"line":66},"7":{"loc":{"start":{"line":73,"column":8},"end":{"line":77,"column":null}},"type":"if","locations":[{"start":{"line":73,"column":8},"end":{"line":77,"column":null}},{"start":{},"end":{}}],"line":73},"8":{"loc":{"start":{"line":88,"column":12},"end":{"line":92,"column":null}},"type":"if","locations":[{"start":{"line":88,"column":12},"end":{"line":92,"column":null}},{"start":{},"end":{}}],"line":88},"9":{"loc":{"start":{"line":109,"column":12},"end":{"line":121,"column":null}},"type":"if","locations":[{"start":{"line":109,"column":12},"end":{"line":121,"column":null}},{"start":{"line":113,"column":19},"end":{"line":121,"column":null}}],"line":109},"10":{"loc":{"start":{"line":113,"column":19},"end":{"line":121,"column":null}},"type":"if","locations":[{"start":{"line":113,"column":19},"end":{"line":121,"column":null}},{"start":{"line":117,"column":19},"end":{"line":121,"column":null}}],"line":113},"11":{"loc":{"start":{"line":143,"column":8},"end":{"line":147,"column":null}},"type":"if","locations":[{"start":{"line":143,"column":8},"end":{"line":147,"column":null}},{"start":{"line":145,"column":15},"end":{"line":147,"column":null}}],"line":143},"12":{"loc":{"start":{"line":156,"column":12},"end":{"line":159,"column":null}},"type":"if","locations":[{"start":{"line":156,"column":12},"end":{"line":159,"column":null}},{"start":{},"end":{}}],"line":156},"13":{"loc":{"start":{"line":179,"column":8},"end":{"line":194,"column":null}},"type":"if","locations":[{"start":{"line":179,"column":8},"end":{"line":194,"column":null}},{"start":{"line":182,"column":15},"end":{"line":194,"column":null}}],"line":179},"14":{"loc":{"start":{"line":182,"column":15},"end":{"line":194,"column":null}},"type":"if","locations":[{"start":{"line":182,"column":15},"end":{"line":194,"column":null}},{"start":{"line":192,"column":15},"end":{"line":194,"column":null}}],"line":182},"15":{"loc":{"start":{"line":185,"column":12},"end":{"line":191,"column":null}},"type":"if","locations":[{"start":{"line":185,"column":12},"end":{"line":191,"column":null}},{"start":{"line":187,"column":19},"end":{"line":191,"column":null}}],"line":185},"16":{"loc":{"start":{"line":187,"column":19},"end":{"line":191,"column":null}},"type":"if","locations":[{"start":{"line":187,"column":19},"end":{"line":191,"column":null}},{"start":{"line":189,"column":19},"end":{"line":191,"column":null}}],"line":187},"17":{"loc":{"start":{"line":196,"column":8},"end":{"line":242,"column":null}},"type":"if","locations":[{"start":{"line":196,"column":8},"end":{"line":242,"column":null}},{"start":{"line":218,"column":15},"end":{"line":242,"column":null}}],"line":196},"18":{"loc":{"start":{"line":205,"column":16},"end":{"line":208,"column":null}},"type":"if","locations":[{"start":{"line":205,"column":16},"end":{"line":208,"column":null}},{"start":{},"end":{}}],"line":205},"19":{"loc":{"start":{"line":205,"column":20},"end":{"line":205,"column":52}},"type":"binary-expr","locations":[{"start":{"line":205,"column":20},"end":{"line":205,"column":28}},{"start":{"line":205,"column":32},"end":{"line":205,"column":52}}],"line":205},"20":{"loc":{"start":{"line":218,"column":15},"end":{"line":242,"column":null}},"type":"if","locations":[{"start":{"line":218,"column":15},"end":{"line":242,"column":null}},{"start":{"line":240,"column":15},"end":{"line":242,"column":null}}],"line":218},"21":{"loc":{"start":{"line":227,"column":16},"end":{"line":230,"column":null}},"type":"if","locations":[{"start":{"line":227,"column":16},"end":{"line":230,"column":null}},{"start":{},"end":{}}],"line":227},"22":{"loc":{"start":{"line":227,"column":20},"end":{"line":227,"column":84}},"type":"binary-expr","locations":[{"start":{"line":227,"column":20},"end":{"line":227,"column":28}},{"start":{"line":227,"column":32},"end":{"line":227,"column":52}},{"start":{"line":227,"column":56},"end":{"line":227,"column":84}}],"line":227},"23":{"loc":{"start":{"line":272,"column":8},"end":{"line":287,"column":null}},"type":"if","locations":[{"start":{"line":272,"column":8},"end":{"line":287,"column":null}},{"start":{"line":275,"column":15},"end":{"line":287,"column":null}}],"line":272},"24":{"loc":{"start":{"line":275,"column":15},"end":{"line":287,"column":null}},"type":"if","locations":[{"start":{"line":275,"column":15},"end":{"line":287,"column":null}},{"start":{"line":285,"column":15},"end":{"line":287,"column":null}}],"line":275},"25":{"loc":{"start":{"line":278,"column":12},"end":{"line":284,"column":null}},"type":"if","locations":[{"start":{"line":278,"column":12},"end":{"line":284,"column":null}},{"start":{"line":280,"column":19},"end":{"line":284,"column":null}}],"line":278},"26":{"loc":{"start":{"line":280,"column":19},"end":{"line":284,"column":null}},"type":"if","locations":[{"start":{"line":280,"column":19},"end":{"line":284,"column":null}},{"start":{"line":282,"column":19},"end":{"line":284,"column":null}}],"line":280},"27":{"loc":{"start":{"line":289,"column":8},"end":{"line":341,"column":null}},"type":"if","locations":[{"start":{"line":289,"column":8},"end":{"line":341,"column":null}},{"start":{"line":314,"column":15},"end":{"line":341,"column":null}}],"line":289},"28":{"loc":{"start":{"line":314,"column":15},"end":{"line":341,"column":null}},"type":"if","locations":[{"start":{"line":314,"column":15},"end":{"line":341,"column":null}},{"start":{"line":339,"column":15},"end":{"line":341,"column":null}}],"line":314}},"s":{"0":1,"1":1,"2":1,"3":1,"4":1,"5":1,"6":1,"7":0,"8":1,"9":1,"10":1,"11":1,"12":1,"13":1,"14":18,"15":18,"16":18,"17":18,"18":18,"19":18,"20":18,"21":1,"22":1,"23":1,"24":17,"25":1,"26":1,"27":1,"28":16,"29":16,"30":16,"31":16,"32":16,"33":0,"34":0,"35":0,"36":1,"37":1,"38":1,"39":15,"40":15,"41":14,"42":14,"43":13,"44":13,"45":13,"46":1,"47":1,"48":1,"49":1,"50":0,"51":0,"52":0,"53":1,"54":1,"55":1,"56":14,"57":14,"58":14,"59":14,"60":14,"61":0,"62":71,"63":71,"64":71,"65":71,"66":0,"67":0,"68":0,"69":0,"70":8,"71":8,"72":8,"73":8,"74":8,"75":8,"76":8,"77":4,"78":4,"79":4,"80":4,"81":4,"82":4,"83":2,"84":2,"85":2,"86":0,"87":0,"88":8,"89":4,"90":4,"91":4,"92":3,"93":1,"94":1,"95":0,"96":0,"97":4,"98":4,"99":4,"100":4,"101":2,"102":2,"103":2,"104":0,"105":0,"106":0,"107":8,"108":8,"109":8,"110":6,"111":6,"112":6,"113":6,"114":6,"115":6,"116":6,"117":6,"118":6,"119":6,"120":2,"121":2,"122":4,"123":4,"124":4,"125":4,"126":2,"127":2,"128":2,"129":0,"130":0,"131":6,"132":2,"133":2,"134":2,"135":2,"136":2,"137":0,"138":0,"139":4,"140":4,"141":4,"142":4,"143":4,"144":4,"145":0,"146":0,"147":0},"f":{"0":18,"1":18,"2":14,"3":1,"4":14,"5":71,"6":8,"7":4,"8":0,"9":4,"10":0,"11":8,"12":6,"13":6,"14":2,"15":0,"16":4,"17":0},"b":{"0":[1,0],"1":[1,0],"2":[1,0],"3":[1,0],"4":[0,1],"5":[1,0],"6":[1,17],"7":[1,16],"8":[0,16],"9":[13,1],"10":[1,0],"11":[14,0],"12":[0,71],"13":[4,4],"14":[4,0],"15":[2,2],"16":[2,0],"17":[4,4],"18":[3,1],"19":[4,1],"20":[4,0],"21":[2,2],"22":[4,2,2],"23":[2,4],"24":[4,0],"25":[2,2],"26":[2,0],"27":[2,4],"28":[4,0]},"meta":{"lastBranch":29,"lastFunction":18,"lastStatement":148,"seen":{"s:8:0:8:Infinity":0,"s:11:26:11:80":1,"b:11:26:11:55:11:59:11:80":0,"s:12:23:12:71":2,"b:12:23:12:49:12:53:12:71":1,"s:15:23:15:49":3,"s:16:22:16:65":4,"b:16:22:16:57:16:61:16:65":2,"s:17:26:17:74":5,"b:17:26:17:65:17:69:17:74":3,"b:19:0:21:Infinity:undefined:undefined:undefined:undefined":4,"s:19:0:21:Infinity":6,"s:20:4:20:Infinity":7,"s:22:18:22:25":8,"s:24:24:30:Infinity":9,"s:32:18:35:2":10,"s:36:20:38:2":11,"s:41:22:41:459":12,"s:44:22:343:2":13,"b:45:19:45:40:45:44:45:48":5,"f:50:10:50:19":0,"s:51:8:51:Infinity":14,"s:53:8:53:Infinity":15,"s:55:8:55:54":16,"f:59:10:59:24":1,"s:60:8:60:Infinity":17,"s:61:50:61:54":18,"s:63:8:63:Infinity":19,"b:66:8:70:Infinity:undefined:undefined:undefined:undefined":6,"s:66:8:70:Infinity":20,"s:67:12:67:58":21,"s:68:12:68:Infinity":22,"s:69:12:69:Infinity":23,"b:73:8:77:Infinity:undefined:undefined:undefined:undefined":7,"s:73:8:77:Infinity":24,"s:74:12:74:Infinity":25,"s:75:12:75:58":26,"s:76:12:76:Infinity":27,"s:79:33:79:56":28,"s:80:35:80:54":29,"s:84:8:98:Infinity":30,"s:86:12:86:Infinity":31,"b:88:12:92:Infinity:undefined:undefined:undefined:undefined":8,"s:88:12:92:Infinity":32,"s:89:16:89:Infinity":33,"s:90:16:90:62":34,"s:91:16:91:Infinity":35,"s:95:12:95:Infinity":36,"s:96:12:96:Infinity":37,"s:97:12:97:Infinity":38,"s:100:8:100:Infinity":39,"s:102:8:128:Infinity":40,"f:107:14:107:22":2,"s:108:31:108:76":41,"b:109:12:121:Infinity:113:19:121:Infinity":9,"s:109:12:121:Infinity":42,"s:110:16:110:61":43,"s:111:16:111:55":44,"s:112:16:112:52":45,"b:113:19:121:Infinity:117:19:121:Infinity":10,"s:113:19:121:Infinity":46,"s:114:16:114:61":47,"s:115:16:115:54":48,"s:116:16:116:52":49,"s:118:16:118:Infinity":50,"s:119:16:119:62":51,"s:120:16:120:Infinity":52,"f:124:15:124:20":3,"s:125:12:125:Infinity":53,"s:126:12:126:58":54,"s:127:12:127:Infinity":55,"s:130:8:136:Infinity":56,"f:140:10:140:19":4,"s:141:8:141:Infinity":57,"s:142:37:142:41":58,"b:143:8:147:Infinity:145:15:147:Infinity":11,"s:143:8:147:Infinity":59,"s:144:12:144:Infinity":60,"s:146:12:146:60":61,"f:151:10:151:29":5,"s:152:8:152:Infinity":62,"s:153:8:163:Infinity":63,"s:154:32:154:61":64,"b:156:12:159:Infinity:undefined:undefined:undefined:undefined":12,"s:156:12:159:Infinity":65,"s:157:16:157:Infinity":66,"s:158:16:158:Infinity":67,"s:161:12:161:Infinity":68,"s:162:12:162:Infinity":69,"f:167:10:167:24":6,"s:168:8:168:Infinity":70,"s:169:33:169:37":71,"s:170:8:170:Infinity":72,"s:172:33:172:56":73,"s:173:24:173:43":74,"s:174:35:174:54":75,"b:179:8:194:Infinity:182:15:194:Infinity":13,"s:179:8:194:Infinity":76,"s:180:12:180:50":77,"s:181:12:181:48":78,"b:182:15:194:Infinity:192:15:194:Infinity":14,"s:182:15:194:Infinity":79,"s:183:12:183:48":80,"s:184:12:184:53":81,"b:185:12:191:Infinity:187:19:191:Infinity":15,"s:185:12:191:Infinity":82,"s:186:16:186:43":83,"b:187:19:191:Infinity:189:19:191:Infinity":16,"s:187:19:191:Infinity":84,"s:188:16:188:43":85,"s:190:16:190:Infinity":86,"s:193:12:193:Infinity":87,"b:196:8:242:Infinity:218:15:242:Infinity":17,"s:196:8:242:Infinity":88,"s:198:12:217:Infinity":89,"f:203:18:203:26":7,"s:204:32:204:53":90,"b:205:16:208:Infinity:undefined:undefined:undefined:undefined":18,"s:205:16:208:Infinity":91,"b:205:20:205:28:205:32:205:52":19,"s:207:20:207:39":92,"s:210:31:210:61":93,"s:212:16:212:Infinity":94,"f:214:19:214:24":8,"s:215:16:215:Infinity":95,"s:216:16:216:Infinity":96,"b:218:15:242:Infinity:240:15:242:Infinity":20,"s:218:15:242:Infinity":97,"s:220:12:239:Infinity":98,"f:225:18:225:26":9,"s:226:32:226:53":99,"b:227:16:230:Infinity:undefined:undefined:undefined:undefined":21,"s:227:16:230:Infinity":100,"b:227:20:227:28:227:32:227:52:227:56:227:84":22,"s:229:20:229:39":101,"s:232:31:232:70":102,"s:234:16:234:Infinity":103,"f:236:19:236:24":10,"s:237:16:237:Infinity":104,"s:238:16:238:Infinity":105,"s:241:12:241:Infinity":106,"f:246:10:246:27":11,"s:247:8:247:Infinity":107,"s:248:33:248:37":108,"s:249:8:249:Infinity":109,"f:253:10:253:18":12,"s:254:8:254:Infinity":110,"s:255:33:255:37":111,"s:256:8:256:Infinity":112,"f:260:10:260:25":13,"s:261:8:261:Infinity":113,"s:262:33:262:37":114,"s:263:8:263:Infinity":115,"s:265:33:265:56":116,"s:266:24:266:43":117,"s:267:35:267:54":118,"b:272:8:287:Infinity:275:15:287:Infinity":23,"s:272:8:287:Infinity":119,"s:273:12:273:50":120,"s:274:12:274:48":121,"b:275:15:287:Infinity:285:15:287:Infinity":24,"s:275:15:287:Infinity":122,"s:276:12:276:48":123,"s:277:12:277:53":124,"b:278:12:284:Infinity:280:19:284:Infinity":25,"s:278:12:284:Infinity":125,"s:279:16:279:43":126,"b:280:19:284:Infinity:282:19:284:Infinity":26,"s:280:19:284:Infinity":127,"s:281:16:281:43":128,"s:283:16:283:Infinity":129,"s:286:12:286:Infinity":130,"b:289:8:341:Infinity:314:15:341:Infinity":27,"s:289:8:341:Infinity":131,"s:291:27:291:63":132,"s:293:28:293:66":133,"s:295:25:297:13":134,"s:299:12:313:Infinity":135,"f:307:18:307:26":14,"s:308:16:308:Infinity":136,"f:310:19:310:24":15,"s:311:16:311:Infinity":137,"s:312:16:312:Infinity":138,"b:314:15:341:Infinity:339:15:341:Infinity":28,"s:314:15:341:Infinity":139,"s:316:27:316:63":140,"s:318:28:318:66":141,"s:320:25:322:Infinity":142,"s:324:12:338:Infinity":143,"f:332:18:332:26":16,"s:333:16:333:Infinity":144,"f:335:19:335:24":17,"s:336:16:336:Infinity":145,"s:337:16:337:Infinity":146,"s:340:12:340:Infinity":147}}}
}
