<?xml version="1.0" encoding="UTF-8"?>
<coverage generated="1770764432033" clover="3.2.0">
  <project timestamp="1770764432033" name="All files">
    <metrics statements="148" coveredstatements="122" conditionals="59" coveredconditionals="43" methods="18" coveredmethods="14" elements="225" coveredelements="179" complexity="0" loc="148" ncloc="148" packages="1" files="1" classes="1"/>
    <file name="server.js" path="/home/runner/work/constellation-backend/constellation-backend/crdt_server/app/server.js">
      <metrics statements="148" coveredstatements="122" conditionals="59" coveredconditionals="43" methods="18" coveredmethods="14"/>
      <line num="8" count="1" type="stmt"/>
      <line num="11" count="1" type="cond" truecount="1" falsecount="1"/>
      <line num="12" count="1" type="cond" truecount="1" falsecount="1"/>
      <line num="15" count="1" type="stmt"/>
      <line num="16" count="1" type="cond" truecount="1" falsecount="1"/>
      <line num="17" count="1" type="cond" truecount="1" falsecount="1"/>
      <line num="19" count="1" type="cond" truecount="1" falsecount="1"/>
      <line num="20" count="0" type="stmt"/>
      <line num="22" count="1" type="stmt"/>
      <line num="24" count="1" type="stmt"/>
      <line num="32" count="1" type="stmt"/>
      <line num="36" count="1" type="stmt"/>
      <line num="41" count="1" type="stmt"/>
      <line num="44" count="1" type="stmt"/>
      <line num="51" count="18" type="stmt"/>
      <line num="53" count="18" type="stmt"/>
      <line num="55" count="18" type="stmt"/>
      <line num="60" count="18" type="stmt"/>
      <line num="61" count="18" type="stmt"/>
      <line num="63" count="18" type="stmt"/>
      <line num="66" count="18" type="cond" truecount="2" falsecount="0"/>
      <line num="67" count="1" type="stmt"/>
      <line num="68" count="1" type="stmt"/>
      <line num="69" count="1" type="stmt"/>
      <line num="73" count="17" type="cond" truecount="2" falsecount="0"/>
      <line num="74" count="1" type="stmt"/>
      <line num="75" count="1" type="stmt"/>
      <line num="76" count="1" type="stmt"/>
      <line num="79" count="16" type="stmt"/>
      <line num="80" count="16" type="stmt"/>
      <line num="84" count="16" type="stmt"/>
      <line num="86" count="16" type="stmt"/>
      <line num="88" count="16" type="cond" truecount="1" falsecount="1"/>
      <line num="89" count="0" type="stmt"/>
      <line num="90" count="0" type="stmt"/>
      <line num="91" count="0" type="stmt"/>
      <line num="95" count="1" type="stmt"/>
      <line num="96" count="1" type="stmt"/>
      <line num="97" count="1" type="stmt"/>
      <line num="100" count="15" type="stmt"/>
      <line num="102" count="15" type="stmt"/>
      <line num="108" count="14" type="stmt"/>
      <line num="109" count="14" type="cond" truecount="2" falsecount="0"/>
      <line num="110" count="13" type="stmt"/>
      <line num="111" count="13" type="stmt"/>
      <line num="112" count="13" type="stmt"/>
      <line num="113" count="1" type="cond" truecount="1" falsecount="1"/>
      <line num="114" count="1" type="stmt"/>
      <line num="115" count="1" type="stmt"/>
      <line num="116" count="1" type="stmt"/>
      <line num="118" count="0" type="stmt"/>
      <line num="119" count="0" type="stmt"/>
      <line num="120" count="0" type="stmt"/>
      <line num="125" count="1" type="stmt"/>
      <line num="126" count="1" type="stmt"/>
      <line num="127" count="1" type="stmt"/>
      <line num="130" count="14" type="stmt"/>
      <line num="141" count="14" type="stmt"/>
      <line num="142" count="14" type="stmt"/>
      <line num="143" count="14" type="cond" truecount="1" falsecount="1"/>
      <line num="144" count="14" type="stmt"/>
      <line num="146" count="0" type="stmt"/>
      <line num="152" count="71" type="stmt"/>
      <line num="153" count="71" type="stmt"/>
      <line num="154" count="71" type="stmt"/>
      <line num="156" count="71" type="cond" truecount="1" falsecount="1"/>
      <line num="157" count="0" type="stmt"/>
      <line num="158" count="0" type="stmt"/>
      <line num="161" count="0" type="stmt"/>
      <line num="162" count="0" type="stmt"/>
      <line num="168" count="8" type="stmt"/>
      <line num="169" count="8" type="stmt"/>
      <line num="170" count="8" type="stmt"/>
      <line num="172" count="8" type="stmt"/>
      <line num="173" count="8" type="stmt"/>
      <line num="174" count="8" type="stmt"/>
      <line num="179" count="8" type="cond" truecount="2" falsecount="0"/>
      <line num="180" count="4" type="stmt"/>
      <line num="181" count="4" type="stmt"/>
      <line num="182" count="4" type="cond" truecount="1" falsecount="1"/>
      <line num="183" count="4" type="stmt"/>
      <line num="184" count="4" type="stmt"/>
      <line num="185" count="4" type="cond" truecount="2" falsecount="0"/>
      <line num="186" count="2" type="stmt"/>
      <line num="187" count="2" type="cond" truecount="1" falsecount="1"/>
      <line num="188" count="2" type="stmt"/>
      <line num="190" count="0" type="stmt"/>
      <line num="193" count="0" type="stmt"/>
      <line num="196" count="8" type="cond" truecount="2" falsecount="0"/>
      <line num="198" count="4" type="stmt"/>
      <line num="204" count="4" type="stmt"/>
      <line num="205" count="4" type="cond" truecount="4" falsecount="0"/>
      <line num="207" count="3" type="stmt"/>
      <line num="210" count="1" type="stmt"/>
      <line num="212" count="1" type="stmt"/>
      <line num="215" count="0" type="stmt"/>
      <line num="216" count="0" type="stmt"/>
      <line num="218" count="4" type="cond" truecount="1" falsecount="1"/>
      <line num="220" count="4" type="stmt"/>
      <line num="226" count="4" type="stmt"/>
      <line num="227" count="4" type="cond" truecount="5" falsecount="0"/>
      <line num="229" count="2" type="stmt"/>
      <line num="232" count="2" type="stmt"/>
      <line num="234" count="2" type="stmt"/>
      <line num="237" count="0" type="stmt"/>
      <line num="238" count="0" type="stmt"/>
      <line num="241" count="0" type="stmt"/>
      <line num="247" count="8" type="stmt"/>
      <line num="248" count="8" type="stmt"/>
      <line num="249" count="8" type="stmt"/>
      <line num="254" count="6" type="stmt"/>
      <line num="255" count="6" type="stmt"/>
      <line num="256" count="6" type="stmt"/>
      <line num="261" count="6" type="stmt"/>
      <line num="262" count="6" type="stmt"/>
      <line num="263" count="6" type="stmt"/>
      <line num="265" count="6" type="stmt"/>
      <line num="266" count="6" type="stmt"/>
      <line num="267" count="6" type="stmt"/>
      <line num="272" count="6" type="cond" truecount="2" falsecount="0"/>
      <line num="273" count="2" type="stmt"/>
      <line num="274" count="2" type="stmt"/>
      <line num="275" count="4" type="cond" truecount="1" falsecount="1"/>
      <line num="276" count="4" type="stmt"/>
      <line num="277" count="4" type="stmt"/>
      <line num="278" count="4" type="cond" truecount="2" falsecount="0"/>
      <line num="279" count="2" type="stmt"/>
      <line num="280" count="2" type="cond" truecount="1" falsecount="1"/>
      <line num="281" count="2" type="stmt"/>
      <line num="283" count="0" type="stmt"/>
      <line num="286" count="0" type="stmt"/>
      <line num="289" count="6" type="cond" truecount="2" falsecount="0"/>
      <line num="291" count="2" type="stmt"/>
      <line num="293" count="2" type="stmt"/>
      <line num="295" count="2" type="stmt"/>
      <line num="299" count="2" type="stmt"/>
      <line num="308" count="2" type="stmt"/>
      <line num="311" count="0" type="stmt"/>
      <line num="312" count="0" type="stmt"/>
      <line num="314" count="4" type="cond" truecount="1" falsecount="1"/>
      <line num="316" count="4" type="stmt"/>
      <line num="318" count="4" type="stmt"/>
      <line num="320" count="4" type="stmt"/>
      <line num="324" count="4" type="stmt"/>
      <line num="333" count="4" type="stmt"/>
      <line num="336" count="0" type="stmt"/>
      <line num="337" count="0" type="stmt"/>
      <line num="340" count="0" type="stmt"/>
    </file>
  </project>
</coverage>
